<?xml version="1.0" encoding="UTF-8"?>
<!-- Generated by org.testng.reporters.JUnitReportReporter -->
<testsuite hostname="DESKTOP-CVL2K4K" failures="0" tests="3" name="week5.day1.VerifyLegalEntityName" time="77.810" errors="0" timestamp="2025-01-16T12:15:46 IST" skipped="0">
  <testcase classname="week5.day1.VerifyLegalEntityName" name="EntityName" time="25.715"/>
  <testcase classname="week5.day1.VerifyLegalEntityName" name="EntityName" time="28.773"/>
  <testcase classname="week5.day1.VerifyLegalEntityName" name="EntityName" time="23.322"/>
</testsuite> <!-- week5.day1.VerifyLegalEntityName -->
