<?xml version="1.0" encoding="UTF-8"?>
<!-- Generated by org.testng.reporters.JUnitReportReporter -->
<testsuite hostname="DESKTOP-CVL2K4K" failures="0" tests="1" name="week4.day2.TestNG" time="9.909" errors="0" timestamp="2025-01-08T10:04:47 IST" skipped="0">
  <testcase classname="week4.day2.TestNG" name="loginPage" time="9.909"/>
  <system-out/>
</testsuite> <!-- week4.day2.TestNG -->
